DEBUG - 2026-03-25 04:01:04 --> Session: Class initialized using 'CodeIgniter\Session\Handlers\FileHandler' driver.
ERROR - 2026-03-25 04:38:59 --> Error connecting to the database: mysqli_sql_exception: No connection could be made because the target machine actively refused it in D:\silk\ci\cart\cart_Functionality\system\Database\MySQLi\Connection.php:201
Stack trace:
#0 D:\silk\ci\cart\cart_Functionality\system\Database\MySQLi\Connection.php(201): mysqli->real_connect('localhost', 'root', Object(SensitiveParameterValue), 'fortune', 3306, '', 0)
#1 D:\silk\ci\cart\cart_Functionality\system\Database\BaseConnection.php(419): CodeIgniter\Database\MySQLi\Connection->connect(false)
#2 D:\silk\ci\cart\cart_Functionality\system\Database\BaseConnection.php(614): CodeIgniter\Database\BaseConnection->initialize()
#3 D:\silk\ci\cart\cart_Functionality\system\Database\BaseBuilder.php(1649): CodeIgniter\Database\BaseConnection->query('SELECT *\nFROM `...', Array, false)
#4 D:\silk\ci\cart\cart_Functionality\system\Model.php(286): CodeIgniter\Database\BaseBuilder->get()
#5 D:\silk\ci\cart\cart_Functionality\system\BaseModel.php(677): CodeIgniter\Model->doFindAll(0, 0)
#6 D:\silk\ci\cart\cart_Functionality\app\Controllers\Home.php(20): CodeIgniter\BaseModel->findAll()
#7 D:\silk\ci\cart\cart_Functionality\system\CodeIgniter.php(933): App\Controllers\Home->index()
#8 D:\silk\ci\cart\cart_Functionality\system\CodeIgniter.php(507): CodeIgniter\CodeIgniter->runController(Object(App\Controllers\Home))
#9 D:\silk\ci\cart\cart_Functionality\system\CodeIgniter.php(354): CodeIgniter\CodeIgniter->handleRequest(NULL, Object(Config\Cache), false)
#10 D:\silk\ci\cart\cart_Functionality\system\Boot.php(363): CodeIgniter\CodeIgniter->run()
#11 D:\silk\ci\cart\cart_Functionality\system\Boot.php(68): CodeIgniter\Boot::runCodeIgniter(Object(CodeIgniter\CodeIgniter))
#12 D:\silk\ci\cart\cart_Functionality\public\index.php(59): CodeIgniter\Boot::bootWeb(Object(Config\Paths))
#13 D:\silk\ci\cart\cart_Functionality\system\rewrite.php(44): require_once('D:\\silk\\ci\\cart...')
#14 {main}

Next CodeIgniter\Database\Exceptions\DatabaseException: No connection could be made because the target machine actively refused it in D:\silk\ci\cart\cart_Functionality\system\Database\MySQLi\Connection.php:246
Stack trace:
#0 D:\silk\ci\cart\cart_Functionality\system\Database\BaseConnection.php(419): CodeIgniter\Database\MySQLi\Connection->connect(false)
#1 D:\silk\ci\cart\cart_Functionality\system\Database\BaseConnection.php(614): CodeIgniter\Database\BaseConnection->initialize()
#2 D:\silk\ci\cart\cart_Functionality\system\Database\BaseBuilder.php(1649): CodeIgniter\Database\BaseConnection->query('SELECT *\nFROM `...', Array, false)
#3 D:\silk\ci\cart\cart_Functionality\system\Model.php(286): CodeIgniter\Database\BaseBuilder->get()
#4 D:\silk\ci\cart\cart_Functionality\system\BaseModel.php(677): CodeIgniter\Model->doFindAll(0, 0)
#5 D:\silk\ci\cart\cart_Functionality\app\Controllers\Home.php(20): CodeIgniter\BaseModel->findAll()
#6 D:\silk\ci\cart\cart_Functionality\system\CodeIgniter.php(933): App\Controllers\Home->index()
#7 D:\silk\ci\cart\cart_Functionality\system\CodeIgniter.php(507): CodeIgniter\CodeIgniter->runController(Object(App\Controllers\Home))
#8 D:\silk\ci\cart\cart_Functionality\system\CodeIgniter.php(354): CodeIgniter\CodeIgniter->handleRequest(NULL, Object(Config\Cache), false)
#9 D:\silk\ci\cart\cart_Functionality\system\Boot.php(363): CodeIgniter\CodeIgniter->run()
#10 D:\silk\ci\cart\cart_Functionality\system\Boot.php(68): CodeIgniter\Boot::runCodeIgniter(Object(CodeIgniter\CodeIgniter))
#11 D:\silk\ci\cart\cart_Functionality\public\index.php(59): CodeIgniter\Boot::bootWeb(Object(Config\Paths))
#12 D:\silk\ci\cart\cart_Functionality\system\rewrite.php(44): require_once('D:\\silk\\ci\\cart...')
#13 {main}
CRITICAL - 2026-03-25 04:38:59 --> CodeIgniter\Database\Exceptions\DatabaseException: Unable to connect to the database.
Main connection [MySQLi]: No connection could be made because the target machine actively refused it
[Method: GET, Route: /]
in SYSTEMPATH\Database\BaseConnection.php on line 465.
 1 SYSTEMPATH\Database\BaseConnection.php(614): CodeIgniter\Database\BaseConnection->initialize()
 2 SYSTEMPATH\Database\BaseBuilder.php(1649): CodeIgniter\Database\BaseConnection->query('SELECT *
FROM `products`', [], false)
 3 SYSTEMPATH\Model.php(286): CodeIgniter\Database\BaseBuilder->get()
 4 SYSTEMPATH\BaseModel.php(677): CodeIgniter\Model->doFindAll(0, 0)
 5 APPPATH\Controllers\Home.php(20): CodeIgniter\BaseModel->findAll()
 6 SYSTEMPATH\CodeIgniter.php(933): App\Controllers\Home->index()
 7 SYSTEMPATH\CodeIgniter.php(507): CodeIgniter\CodeIgniter->runController(Object(App\Controllers\Home))
 8 SYSTEMPATH\CodeIgniter.php(354): CodeIgniter\CodeIgniter->handleRequest(null, Object(Config\Cache), false)
 9 SYSTEMPATH\Boot.php(363): CodeIgniter\CodeIgniter->run()
10 SYSTEMPATH\Boot.php(68): CodeIgniter\Boot::runCodeIgniter(Object(CodeIgniter\CodeIgniter))
11 FCPATH\index.php(59): CodeIgniter\Boot::bootWeb(Object(Config\Paths))
12 SYSTEMPATH\rewrite.php(44): require_once('D:\\silk\\ci\\cart\\cart_Functionality\\public\\index.php')
ERROR - 2026-03-25 04:39:08 --> Error connecting to the database: mysqli_sql_exception: No connection could be made because the target machine actively refused it in D:\silk\ci\cart\cart_Functionality\system\Database\MySQLi\Connection.php:201
Stack trace:
#0 D:\silk\ci\cart\cart_Functionality\system\Database\MySQLi\Connection.php(201): mysqli->real_connect('localhost', 'root', Object(SensitiveParameterValue), 'fortune', 3306, '', 0)
#1 D:\silk\ci\cart\cart_Functionality\system\Database\BaseConnection.php(419): CodeIgniter\Database\MySQLi\Connection->connect(false)
#2 D:\silk\ci\cart\cart_Functionality\system\Database\BaseConnection.php(614): CodeIgniter\Database\BaseConnection->initialize()
#3 D:\silk\ci\cart\cart_Functionality\system\Database\BaseBuilder.php(1649): CodeIgniter\Database\BaseConnection->query('SELECT *\nFROM `...', Array, false)
#4 D:\silk\ci\cart\cart_Functionality\system\Model.php(286): CodeIgniter\Database\BaseBuilder->get()
#5 D:\silk\ci\cart\cart_Functionality\system\BaseModel.php(677): CodeIgniter\Model->doFindAll(0, 0)
#6 D:\silk\ci\cart\cart_Functionality\app\Controllers\Home.php(20): CodeIgniter\BaseModel->findAll()
#7 D:\silk\ci\cart\cart_Functionality\system\CodeIgniter.php(933): App\Controllers\Home->index()
#8 D:\silk\ci\cart\cart_Functionality\system\CodeIgniter.php(507): CodeIgniter\CodeIgniter->runController(Object(App\Controllers\Home))
#9 D:\silk\ci\cart\cart_Functionality\system\CodeIgniter.php(354): CodeIgniter\CodeIgniter->handleRequest(NULL, Object(Config\Cache), false)
#10 D:\silk\ci\cart\cart_Functionality\system\Boot.php(363): CodeIgniter\CodeIgniter->run()
#11 D:\silk\ci\cart\cart_Functionality\system\Boot.php(68): CodeIgniter\Boot::runCodeIgniter(Object(CodeIgniter\CodeIgniter))
#12 D:\silk\ci\cart\cart_Functionality\public\index.php(59): CodeIgniter\Boot::bootWeb(Object(Config\Paths))
#13 D:\silk\ci\cart\cart_Functionality\system\rewrite.php(44): require_once('D:\\silk\\ci\\cart...')
#14 {main}

Next CodeIgniter\Database\Exceptions\DatabaseException: No connection could be made because the target machine actively refused it in D:\silk\ci\cart\cart_Functionality\system\Database\MySQLi\Connection.php:246
Stack trace:
#0 D:\silk\ci\cart\cart_Functionality\system\Database\BaseConnection.php(419): CodeIgniter\Database\MySQLi\Connection->connect(false)
#1 D:\silk\ci\cart\cart_Functionality\system\Database\BaseConnection.php(614): CodeIgniter\Database\BaseConnection->initialize()
#2 D:\silk\ci\cart\cart_Functionality\system\Database\BaseBuilder.php(1649): CodeIgniter\Database\BaseConnection->query('SELECT *\nFROM `...', Array, false)
#3 D:\silk\ci\cart\cart_Functionality\system\Model.php(286): CodeIgniter\Database\BaseBuilder->get()
#4 D:\silk\ci\cart\cart_Functionality\system\BaseModel.php(677): CodeIgniter\Model->doFindAll(0, 0)
#5 D:\silk\ci\cart\cart_Functionality\app\Controllers\Home.php(20): CodeIgniter\BaseModel->findAll()
#6 D:\silk\ci\cart\cart_Functionality\system\CodeIgniter.php(933): App\Controllers\Home->index()
#7 D:\silk\ci\cart\cart_Functionality\system\CodeIgniter.php(507): CodeIgniter\CodeIgniter->runController(Object(App\Controllers\Home))
#8 D:\silk\ci\cart\cart_Functionality\system\CodeIgniter.php(354): CodeIgniter\CodeIgniter->handleRequest(NULL, Object(Config\Cache), false)
#9 D:\silk\ci\cart\cart_Functionality\system\Boot.php(363): CodeIgniter\CodeIgniter->run()
#10 D:\silk\ci\cart\cart_Functionality\system\Boot.php(68): CodeIgniter\Boot::runCodeIgniter(Object(CodeIgniter\CodeIgniter))
#11 D:\silk\ci\cart\cart_Functionality\public\index.php(59): CodeIgniter\Boot::bootWeb(Object(Config\Paths))
#12 D:\silk\ci\cart\cart_Functionality\system\rewrite.php(44): require_once('D:\\silk\\ci\\cart...')
#13 {main}
CRITICAL - 2026-03-25 04:39:08 --> CodeIgniter\Database\Exceptions\DatabaseException: Unable to connect to the database.
Main connection [MySQLi]: No connection could be made because the target machine actively refused it
[Method: GET, Route: /]
in SYSTEMPATH\Database\BaseConnection.php on line 465.
 1 SYSTEMPATH\Database\BaseConnection.php(614): CodeIgniter\Database\BaseConnection->initialize()
 2 SYSTEMPATH\Database\BaseBuilder.php(1649): CodeIgniter\Database\BaseConnection->query('SELECT *
FROM `products`', [], false)
 3 SYSTEMPATH\Model.php(286): CodeIgniter\Database\BaseBuilder->get()
 4 SYSTEMPATH\BaseModel.php(677): CodeIgniter\Model->doFindAll(0, 0)
 5 APPPATH\Controllers\Home.php(20): CodeIgniter\BaseModel->findAll()
 6 SYSTEMPATH\CodeIgniter.php(933): App\Controllers\Home->index()
 7 SYSTEMPATH\CodeIgniter.php(507): CodeIgniter\CodeIgniter->runController(Object(App\Controllers\Home))
 8 SYSTEMPATH\CodeIgniter.php(354): CodeIgniter\CodeIgniter->handleRequest(null, Object(Config\Cache), false)
 9 SYSTEMPATH\Boot.php(363): CodeIgniter\CodeIgniter->run()
10 SYSTEMPATH\Boot.php(68): CodeIgniter\Boot::runCodeIgniter(Object(CodeIgniter\CodeIgniter))
11 FCPATH\index.php(59): CodeIgniter\Boot::bootWeb(Object(Config\Paths))
12 SYSTEMPATH\rewrite.php(44): require_once('D:\\silk\\ci\\cart\\cart_Functionality\\public\\index.php')
ERROR - 2026-03-25 04:41:26 --> Error connecting to the database: mysqli_sql_exception: Unknown database 'fortune' in D:\silk\ci\cart\cart_Functionality\system\Database\MySQLi\Connection.php:201
Stack trace:
#0 D:\silk\ci\cart\cart_Functionality\system\Database\MySQLi\Connection.php(201): mysqli->real_connect('localhost', 'root', Object(SensitiveParameterValue), 'fortune', 3307, '', 0)
#1 D:\silk\ci\cart\cart_Functionality\system\Database\BaseConnection.php(419): CodeIgniter\Database\MySQLi\Connection->connect(false)
#2 D:\silk\ci\cart\cart_Functionality\system\Database\BaseConnection.php(614): CodeIgniter\Database\BaseConnection->initialize()
#3 D:\silk\ci\cart\cart_Functionality\system\Database\BaseBuilder.php(1649): CodeIgniter\Database\BaseConnection->query('SELECT *\nFROM `...', Array, false)
#4 D:\silk\ci\cart\cart_Functionality\system\Model.php(286): CodeIgniter\Database\BaseBuilder->get()
#5 D:\silk\ci\cart\cart_Functionality\system\BaseModel.php(677): CodeIgniter\Model->doFindAll(0, 0)
#6 D:\silk\ci\cart\cart_Functionality\app\Controllers\Home.php(20): CodeIgniter\BaseModel->findAll()
#7 D:\silk\ci\cart\cart_Functionality\system\CodeIgniter.php(933): App\Controllers\Home->index()
#8 D:\silk\ci\cart\cart_Functionality\system\CodeIgniter.php(507): CodeIgniter\CodeIgniter->runController(Object(App\Controllers\Home))
#9 D:\silk\ci\cart\cart_Functionality\system\CodeIgniter.php(354): CodeIgniter\CodeIgniter->handleRequest(NULL, Object(Config\Cache), false)
#10 D:\silk\ci\cart\cart_Functionality\system\Boot.php(363): CodeIgniter\CodeIgniter->run()
#11 D:\silk\ci\cart\cart_Functionality\system\Boot.php(68): CodeIgniter\Boot::runCodeIgniter(Object(CodeIgniter\CodeIgniter))
#12 D:\silk\ci\cart\cart_Functionality\public\index.php(59): CodeIgniter\Boot::bootWeb(Object(Config\Paths))
#13 D:\silk\ci\cart\cart_Functionality\system\rewrite.php(44): require_once('D:\\silk\\ci\\cart...')
#14 {main}

Next CodeIgniter\Database\Exceptions\DatabaseException: Unknown database 'fortune' in D:\silk\ci\cart\cart_Functionality\system\Database\MySQLi\Connection.php:246
Stack trace:
#0 D:\silk\ci\cart\cart_Functionality\system\Database\BaseConnection.php(419): CodeIgniter\Database\MySQLi\Connection->connect(false)
#1 D:\silk\ci\cart\cart_Functionality\system\Database\BaseConnection.php(614): CodeIgniter\Database\BaseConnection->initialize()
#2 D:\silk\ci\cart\cart_Functionality\system\Database\BaseBuilder.php(1649): CodeIgniter\Database\BaseConnection->query('SELECT *\nFROM `...', Array, false)
#3 D:\silk\ci\cart\cart_Functionality\system\Model.php(286): CodeIgniter\Database\BaseBuilder->get()
#4 D:\silk\ci\cart\cart_Functionality\system\BaseModel.php(677): CodeIgniter\Model->doFindAll(0, 0)
#5 D:\silk\ci\cart\cart_Functionality\app\Controllers\Home.php(20): CodeIgniter\BaseModel->findAll()
#6 D:\silk\ci\cart\cart_Functionality\system\CodeIgniter.php(933): App\Controllers\Home->index()
#7 D:\silk\ci\cart\cart_Functionality\system\CodeIgniter.php(507): CodeIgniter\CodeIgniter->runController(Object(App\Controllers\Home))
#8 D:\silk\ci\cart\cart_Functionality\system\CodeIgniter.php(354): CodeIgniter\CodeIgniter->handleRequest(NULL, Object(Config\Cache), false)
#9 D:\silk\ci\cart\cart_Functionality\system\Boot.php(363): CodeIgniter\CodeIgniter->run()
#10 D:\silk\ci\cart\cart_Functionality\system\Boot.php(68): CodeIgniter\Boot::runCodeIgniter(Object(CodeIgniter\CodeIgniter))
#11 D:\silk\ci\cart\cart_Functionality\public\index.php(59): CodeIgniter\Boot::bootWeb(Object(Config\Paths))
#12 D:\silk\ci\cart\cart_Functionality\system\rewrite.php(44): require_once('D:\\silk\\ci\\cart...')
#13 {main}
CRITICAL - 2026-03-25 04:41:26 --> CodeIgniter\Database\Exceptions\DatabaseException: Unable to connect to the database.
Main connection [MySQLi]: Unknown database 'fortune'
[Method: GET, Route: /]
in SYSTEMPATH\Database\BaseConnection.php on line 465.
 1 SYSTEMPATH\Database\BaseConnection.php(614): CodeIgniter\Database\BaseConnection->initialize()
 2 SYSTEMPATH\Database\BaseBuilder.php(1649): CodeIgniter\Database\BaseConnection->query('SELECT *
FROM `products`', [], false)
 3 SYSTEMPATH\Model.php(286): CodeIgniter\Database\BaseBuilder->get()
 4 SYSTEMPATH\BaseModel.php(677): CodeIgniter\Model->doFindAll(0, 0)
 5 APPPATH\Controllers\Home.php(20): CodeIgniter\BaseModel->findAll()
 6 SYSTEMPATH\CodeIgniter.php(933): App\Controllers\Home->index()
 7 SYSTEMPATH\CodeIgniter.php(507): CodeIgniter\CodeIgniter->runController(Object(App\Controllers\Home))
 8 SYSTEMPATH\CodeIgniter.php(354): CodeIgniter\CodeIgniter->handleRequest(null, Object(Config\Cache), false)
 9 SYSTEMPATH\Boot.php(363): CodeIgniter\CodeIgniter->run()
10 SYSTEMPATH\Boot.php(68): CodeIgniter\Boot::runCodeIgniter(Object(CodeIgniter\CodeIgniter))
11 FCPATH\index.php(59): CodeIgniter\Boot::bootWeb(Object(Config\Paths))
12 SYSTEMPATH\rewrite.php(44): require_once('D:\\silk\\ci\\cart\\cart_Functionality\\public\\index.php')
ERROR - 2026-03-25 04:41:28 --> Error connecting to the database: mysqli_sql_exception: Unknown database 'fortune' in D:\silk\ci\cart\cart_Functionality\system\Database\MySQLi\Connection.php:201
Stack trace:
#0 D:\silk\ci\cart\cart_Functionality\system\Database\MySQLi\Connection.php(201): mysqli->real_connect('localhost', 'root', Object(SensitiveParameterValue), 'fortune', 3307, '', 0)
#1 D:\silk\ci\cart\cart_Functionality\system\Database\BaseConnection.php(419): CodeIgniter\Database\MySQLi\Connection->connect(false)
#2 D:\silk\ci\cart\cart_Functionality\system\Database\BaseConnection.php(614): CodeIgniter\Database\BaseConnection->initialize()
#3 D:\silk\ci\cart\cart_Functionality\system\Database\BaseBuilder.php(1649): CodeIgniter\Database\BaseConnection->query('SELECT *\nFROM `...', Array, false)
#4 D:\silk\ci\cart\cart_Functionality\system\Model.php(286): CodeIgniter\Database\BaseBuilder->get()
#5 D:\silk\ci\cart\cart_Functionality\system\BaseModel.php(677): CodeIgniter\Model->doFindAll(0, 0)
#6 D:\silk\ci\cart\cart_Functionality\app\Controllers\Home.php(20): CodeIgniter\BaseModel->findAll()
#7 D:\silk\ci\cart\cart_Functionality\system\CodeIgniter.php(933): App\Controllers\Home->index()
#8 D:\silk\ci\cart\cart_Functionality\system\CodeIgniter.php(507): CodeIgniter\CodeIgniter->runController(Object(App\Controllers\Home))
#9 D:\silk\ci\cart\cart_Functionality\system\CodeIgniter.php(354): CodeIgniter\CodeIgniter->handleRequest(NULL, Object(Config\Cache), false)
#10 D:\silk\ci\cart\cart_Functionality\system\Boot.php(363): CodeIgniter\CodeIgniter->run()
#11 D:\silk\ci\cart\cart_Functionality\system\Boot.php(68): CodeIgniter\Boot::runCodeIgniter(Object(CodeIgniter\CodeIgniter))
#12 D:\silk\ci\cart\cart_Functionality\public\index.php(59): CodeIgniter\Boot::bootWeb(Object(Config\Paths))
#13 D:\silk\ci\cart\cart_Functionality\system\rewrite.php(44): require_once('D:\\silk\\ci\\cart...')
#14 {main}

Next CodeIgniter\Database\Exceptions\DatabaseException: Unknown database 'fortune' in D:\silk\ci\cart\cart_Functionality\system\Database\MySQLi\Connection.php:246
Stack trace:
#0 D:\silk\ci\cart\cart_Functionality\system\Database\BaseConnection.php(419): CodeIgniter\Database\MySQLi\Connection->connect(false)
#1 D:\silk\ci\cart\cart_Functionality\system\Database\BaseConnection.php(614): CodeIgniter\Database\BaseConnection->initialize()
#2 D:\silk\ci\cart\cart_Functionality\system\Database\BaseBuilder.php(1649): CodeIgniter\Database\BaseConnection->query('SELECT *\nFROM `...', Array, false)
#3 D:\silk\ci\cart\cart_Functionality\system\Model.php(286): CodeIgniter\Database\BaseBuilder->get()
#4 D:\silk\ci\cart\cart_Functionality\system\BaseModel.php(677): CodeIgniter\Model->doFindAll(0, 0)
#5 D:\silk\ci\cart\cart_Functionality\app\Controllers\Home.php(20): CodeIgniter\BaseModel->findAll()
#6 D:\silk\ci\cart\cart_Functionality\system\CodeIgniter.php(933): App\Controllers\Home->index()
#7 D:\silk\ci\cart\cart_Functionality\system\CodeIgniter.php(507): CodeIgniter\CodeIgniter->runController(Object(App\Controllers\Home))
#8 D:\silk\ci\cart\cart_Functionality\system\CodeIgniter.php(354): CodeIgniter\CodeIgniter->handleRequest(NULL, Object(Config\Cache), false)
#9 D:\silk\ci\cart\cart_Functionality\system\Boot.php(363): CodeIgniter\CodeIgniter->run()
#10 D:\silk\ci\cart\cart_Functionality\system\Boot.php(68): CodeIgniter\Boot::runCodeIgniter(Object(CodeIgniter\CodeIgniter))
#11 D:\silk\ci\cart\cart_Functionality\public\index.php(59): CodeIgniter\Boot::bootWeb(Object(Config\Paths))
#12 D:\silk\ci\cart\cart_Functionality\system\rewrite.php(44): require_once('D:\\silk\\ci\\cart...')
#13 {main}
CRITICAL - 2026-03-25 04:41:28 --> CodeIgniter\Database\Exceptions\DatabaseException: Unable to connect to the database.
Main connection [MySQLi]: Unknown database 'fortune'
[Method: GET, Route: /]
in SYSTEMPATH\Database\BaseConnection.php on line 465.
 1 SYSTEMPATH\Database\BaseConnection.php(614): CodeIgniter\Database\BaseConnection->initialize()
 2 SYSTEMPATH\Database\BaseBuilder.php(1649): CodeIgniter\Database\BaseConnection->query('SELECT *
FROM `products`', [], false)
 3 SYSTEMPATH\Model.php(286): CodeIgniter\Database\BaseBuilder->get()
 4 SYSTEMPATH\BaseModel.php(677): CodeIgniter\Model->doFindAll(0, 0)
 5 APPPATH\Controllers\Home.php(20): CodeIgniter\BaseModel->findAll()
 6 SYSTEMPATH\CodeIgniter.php(933): App\Controllers\Home->index()
 7 SYSTEMPATH\CodeIgniter.php(507): CodeIgniter\CodeIgniter->runController(Object(App\Controllers\Home))
 8 SYSTEMPATH\CodeIgniter.php(354): CodeIgniter\CodeIgniter->handleRequest(null, Object(Config\Cache), false)
 9 SYSTEMPATH\Boot.php(363): CodeIgniter\CodeIgniter->run()
10 SYSTEMPATH\Boot.php(68): CodeIgniter\Boot::runCodeIgniter(Object(CodeIgniter\CodeIgniter))
11 FCPATH\index.php(59): CodeIgniter\Boot::bootWeb(Object(Config\Paths))
12 SYSTEMPATH\rewrite.php(44): require_once('D:\\silk\\ci\\cart\\cart_Functionality\\public\\index.php')
ERROR - 2026-03-25 04:41:52 --> Error connecting to the database: mysqli_sql_exception: Unknown database 'fortune' in D:\silk\ci\cart\cart_Functionality\system\Database\MySQLi\Connection.php:201
Stack trace:
#0 D:\silk\ci\cart\cart_Functionality\system\Database\MySQLi\Connection.php(201): mysqli->real_connect('localhost', 'root', Object(SensitiveParameterValue), 'fortune', 3307, '', 0)
#1 D:\silk\ci\cart\cart_Functionality\system\Database\BaseConnection.php(419): CodeIgniter\Database\MySQLi\Connection->connect(false)
#2 D:\silk\ci\cart\cart_Functionality\system\Database\BaseConnection.php(614): CodeIgniter\Database\BaseConnection->initialize()
#3 D:\silk\ci\cart\cart_Functionality\system\Database\BaseBuilder.php(1649): CodeIgniter\Database\BaseConnection->query('SELECT *\nFROM `...', Array, false)
#4 D:\silk\ci\cart\cart_Functionality\system\Model.php(286): CodeIgniter\Database\BaseBuilder->get()
#5 D:\silk\ci\cart\cart_Functionality\system\BaseModel.php(677): CodeIgniter\Model->doFindAll(0, 0)
#6 D:\silk\ci\cart\cart_Functionality\app\Controllers\Home.php(20): CodeIgniter\BaseModel->findAll()
#7 D:\silk\ci\cart\cart_Functionality\system\CodeIgniter.php(933): App\Controllers\Home->index()
#8 D:\silk\ci\cart\cart_Functionality\system\CodeIgniter.php(507): CodeIgniter\CodeIgniter->runController(Object(App\Controllers\Home))
#9 D:\silk\ci\cart\cart_Functionality\system\CodeIgniter.php(354): CodeIgniter\CodeIgniter->handleRequest(NULL, Object(Config\Cache), false)
#10 D:\silk\ci\cart\cart_Functionality\system\Boot.php(363): CodeIgniter\CodeIgniter->run()
#11 D:\silk\ci\cart\cart_Functionality\system\Boot.php(68): CodeIgniter\Boot::runCodeIgniter(Object(CodeIgniter\CodeIgniter))
#12 D:\silk\ci\cart\cart_Functionality\public\index.php(59): CodeIgniter\Boot::bootWeb(Object(Config\Paths))
#13 D:\silk\ci\cart\cart_Functionality\system\rewrite.php(44): require_once('D:\\silk\\ci\\cart...')
#14 {main}

Next CodeIgniter\Database\Exceptions\DatabaseException: Unknown database 'fortune' in D:\silk\ci\cart\cart_Functionality\system\Database\MySQLi\Connection.php:246
Stack trace:
#0 D:\silk\ci\cart\cart_Functionality\system\Database\BaseConnection.php(419): CodeIgniter\Database\MySQLi\Connection->connect(false)
#1 D:\silk\ci\cart\cart_Functionality\system\Database\BaseConnection.php(614): CodeIgniter\Database\BaseConnection->initialize()
#2 D:\silk\ci\cart\cart_Functionality\system\Database\BaseBuilder.php(1649): CodeIgniter\Database\BaseConnection->query('SELECT *\nFROM `...', Array, false)
#3 D:\silk\ci\cart\cart_Functionality\system\Model.php(286): CodeIgniter\Database\BaseBuilder->get()
#4 D:\silk\ci\cart\cart_Functionality\system\BaseModel.php(677): CodeIgniter\Model->doFindAll(0, 0)
#5 D:\silk\ci\cart\cart_Functionality\app\Controllers\Home.php(20): CodeIgniter\BaseModel->findAll()
#6 D:\silk\ci\cart\cart_Functionality\system\CodeIgniter.php(933): App\Controllers\Home->index()
#7 D:\silk\ci\cart\cart_Functionality\system\CodeIgniter.php(507): CodeIgniter\CodeIgniter->runController(Object(App\Controllers\Home))
#8 D:\silk\ci\cart\cart_Functionality\system\CodeIgniter.php(354): CodeIgniter\CodeIgniter->handleRequest(NULL, Object(Config\Cache), false)
#9 D:\silk\ci\cart\cart_Functionality\system\Boot.php(363): CodeIgniter\CodeIgniter->run()
#10 D:\silk\ci\cart\cart_Functionality\system\Boot.php(68): CodeIgniter\Boot::runCodeIgniter(Object(CodeIgniter\CodeIgniter))
#11 D:\silk\ci\cart\cart_Functionality\public\index.php(59): CodeIgniter\Boot::bootWeb(Object(Config\Paths))
#12 D:\silk\ci\cart\cart_Functionality\system\rewrite.php(44): require_once('D:\\silk\\ci\\cart...')
#13 {main}
CRITICAL - 2026-03-25 04:41:52 --> CodeIgniter\Database\Exceptions\DatabaseException: Unable to connect to the database.
Main connection [MySQLi]: Unknown database 'fortune'
[Method: GET, Route: /]
in SYSTEMPATH\Database\BaseConnection.php on line 465.
 1 SYSTEMPATH\Database\BaseConnection.php(614): CodeIgniter\Database\BaseConnection->initialize()
 2 SYSTEMPATH\Database\BaseBuilder.php(1649): CodeIgniter\Database\BaseConnection->query('SELECT *
FROM `products`', [], false)
 3 SYSTEMPATH\Model.php(286): CodeIgniter\Database\BaseBuilder->get()
 4 SYSTEMPATH\BaseModel.php(677): CodeIgniter\Model->doFindAll(0, 0)
 5 APPPATH\Controllers\Home.php(20): CodeIgniter\BaseModel->findAll()
 6 SYSTEMPATH\CodeIgniter.php(933): App\Controllers\Home->index()
 7 SYSTEMPATH\CodeIgniter.php(507): CodeIgniter\CodeIgniter->runController(Object(App\Controllers\Home))
 8 SYSTEMPATH\CodeIgniter.php(354): CodeIgniter\CodeIgniter->handleRequest(null, Object(Config\Cache), false)
 9 SYSTEMPATH\Boot.php(363): CodeIgniter\CodeIgniter->run()
10 SYSTEMPATH\Boot.php(68): CodeIgniter\Boot::runCodeIgniter(Object(CodeIgniter\CodeIgniter))
11 FCPATH\index.php(59): CodeIgniter\Boot::bootWeb(Object(Config\Paths))
12 SYSTEMPATH\rewrite.php(44): require_once('D:\\silk\\ci\\cart\\cart_Functionality\\public\\index.php')
ERROR - 2026-03-25 04:43:45 --> mysqli_sql_exception: Table 'fortune.products' doesn't exist in D:\silk\ci\cart\cart_Functionality\system\Database\MySQLi\Connection.php:327
Stack trace:
#0 D:\silk\ci\cart\cart_Functionality\system\Database\MySQLi\Connection.php(327): mysqli->query('SELECT *\nFROM `...', 0)
#1 D:\silk\ci\cart\cart_Functionality\system\Database\BaseConnection.php(729): CodeIgniter\Database\MySQLi\Connection->execute('SELECT *\nFROM `...')
#2 D:\silk\ci\cart\cart_Functionality\system\Database\BaseConnection.php(646): CodeIgniter\Database\BaseConnection->simpleQuery('SELECT *\nFROM `...')
#3 D:\silk\ci\cart\cart_Functionality\system\Database\BaseBuilder.php(1649): CodeIgniter\Database\BaseConnection->query('SELECT *\nFROM `...', Array, false)
#4 D:\silk\ci\cart\cart_Functionality\system\Model.php(286): CodeIgniter\Database\BaseBuilder->get()
#5 D:\silk\ci\cart\cart_Functionality\system\BaseModel.php(677): CodeIgniter\Model->doFindAll(0, 0)
#6 D:\silk\ci\cart\cart_Functionality\app\Controllers\Home.php(20): CodeIgniter\BaseModel->findAll()
#7 D:\silk\ci\cart\cart_Functionality\system\CodeIgniter.php(933): App\Controllers\Home->index()
#8 D:\silk\ci\cart\cart_Functionality\system\CodeIgniter.php(507): CodeIgniter\CodeIgniter->runController(Object(App\Controllers\Home))
#9 D:\silk\ci\cart\cart_Functionality\system\CodeIgniter.php(354): CodeIgniter\CodeIgniter->handleRequest(NULL, Object(Config\Cache), false)
#10 D:\silk\ci\cart\cart_Functionality\system\Boot.php(363): CodeIgniter\CodeIgniter->run()
#11 D:\silk\ci\cart\cart_Functionality\system\Boot.php(68): CodeIgniter\Boot::runCodeIgniter(Object(CodeIgniter\CodeIgniter))
#12 D:\silk\ci\cart\cart_Functionality\public\index.php(59): CodeIgniter\Boot::bootWeb(Object(Config\Paths))
#13 D:\silk\ci\cart\cart_Functionality\system\rewrite.php(44): require_once('D:\\silk\\ci\\cart...')
#14 {main}
CRITICAL - 2026-03-25 04:43:45 --> CodeIgniter\Database\Exceptions\DatabaseException: Table 'fortune.products' doesn't exist
[Method: GET, Route: /]
in SYSTEMPATH\Database\BaseConnection.php on line 684.
 1 SYSTEMPATH\Database\BaseBuilder.php(1649): CodeIgniter\Database\BaseConnection->query('SELECT *
FROM `products`', [], false)
 2 SYSTEMPATH\Model.php(286): CodeIgniter\Database\BaseBuilder->get()
 3 SYSTEMPATH\BaseModel.php(677): CodeIgniter\Model->doFindAll(0, 0)
 4 APPPATH\Controllers\Home.php(20): CodeIgniter\BaseModel->findAll()
 5 SYSTEMPATH\CodeIgniter.php(933): App\Controllers\Home->index()
 6 SYSTEMPATH\CodeIgniter.php(507): CodeIgniter\CodeIgniter->runController(Object(App\Controllers\Home))
 7 SYSTEMPATH\CodeIgniter.php(354): CodeIgniter\CodeIgniter->handleRequest(null, Object(Config\Cache), false)
 8 SYSTEMPATH\Boot.php(363): CodeIgniter\CodeIgniter->run()
 9 SYSTEMPATH\Boot.php(68): CodeIgniter\Boot::runCodeIgniter(Object(CodeIgniter\CodeIgniter))
10 FCPATH\index.php(59): CodeIgniter\Boot::bootWeb(Object(Config\Paths))
11 SYSTEMPATH\rewrite.php(44): require_once('D:\\silk\\ci\\cart\\cart_Functionality\\public\\index.php')
CRITICAL - 2026-03-25 04:43:45 --> [Caused by] CodeIgniter\Database\Exceptions\DatabaseException: Table 'fortune.products' doesn't exist
in SYSTEMPATH\Database\MySQLi\Connection.php on line 332.
 1 SYSTEMPATH\Database\BaseConnection.php(729): CodeIgniter\Database\MySQLi\Connection->execute('SELECT *
FROM `products`')
 2 SYSTEMPATH\Database\BaseConnection.php(646): CodeIgniter\Database\BaseConnection->simpleQuery('SELECT *
FROM `products`')
 3 SYSTEMPATH\Database\BaseBuilder.php(1649): CodeIgniter\Database\BaseConnection->query('SELECT *
FROM `products`', [], false)
 4 SYSTEMPATH\Model.php(286): CodeIgniter\Database\BaseBuilder->get()
 5 SYSTEMPATH\BaseModel.php(677): CodeIgniter\Model->doFindAll(0, 0)
 6 APPPATH\Controllers\Home.php(20): CodeIgniter\BaseModel->findAll()
 7 SYSTEMPATH\CodeIgniter.php(933): App\Controllers\Home->index()
 8 SYSTEMPATH\CodeIgniter.php(507): CodeIgniter\CodeIgniter->runController(Object(App\Controllers\Home))
 9 SYSTEMPATH\CodeIgniter.php(354): CodeIgniter\CodeIgniter->handleRequest(null, Object(Config\Cache), false)
10 SYSTEMPATH\Boot.php(363): CodeIgniter\CodeIgniter->run()
11 SYSTEMPATH\Boot.php(68): CodeIgniter\Boot::runCodeIgniter(Object(CodeIgniter\CodeIgniter))
12 FCPATH\index.php(59): CodeIgniter\Boot::bootWeb(Object(Config\Paths))
13 SYSTEMPATH\rewrite.php(44): require_once('D:\\silk\\ci\\cart\\cart_Functionality\\public\\index.php')
CRITICAL - 2026-03-25 04:43:45 --> [Caused by] mysqli_sql_exception: Table 'fortune.products' doesn't exist
in SYSTEMPATH\Database\MySQLi\Connection.php on line 327.
 1 SYSTEMPATH\Database\MySQLi\Connection.php(327): mysqli->query('SELECT *
FROM `products`', 0)
 2 SYSTEMPATH\Database\BaseConnection.php(729): CodeIgniter\Database\MySQLi\Connection->execute('SELECT *
FROM `products`')
 3 SYSTEMPATH\Database\BaseConnection.php(646): CodeIgniter\Database\BaseConnection->simpleQuery('SELECT *
FROM `products`')
 4 SYSTEMPATH\Database\BaseBuilder.php(1649): CodeIgniter\Database\BaseConnection->query('SELECT *
FROM `products`', [], false)
 5 SYSTEMPATH\Model.php(286): CodeIgniter\Database\BaseBuilder->get()
 6 SYSTEMPATH\BaseModel.php(677): CodeIgniter\Model->doFindAll(0, 0)
 7 APPPATH\Controllers\Home.php(20): CodeIgniter\BaseModel->findAll()
 8 SYSTEMPATH\CodeIgniter.php(933): App\Controllers\Home->index()
 9 SYSTEMPATH\CodeIgniter.php(507): CodeIgniter\CodeIgniter->runController(Object(App\Controllers\Home))
10 SYSTEMPATH\CodeIgniter.php(354): CodeIgniter\CodeIgniter->handleRequest(null, Object(Config\Cache), false)
11 SYSTEMPATH\Boot.php(363): CodeIgniter\CodeIgniter->run()
12 SYSTEMPATH\Boot.php(68): CodeIgniter\Boot::runCodeIgniter(Object(CodeIgniter\CodeIgniter))
13 FCPATH\index.php(59): CodeIgniter\Boot::bootWeb(Object(Config\Paths))
14 SYSTEMPATH\rewrite.php(44): require_once('D:\\silk\\ci\\cart\\cart_Functionality\\public\\index.php')
ERROR - 2026-03-25 04:43:46 --> mysqli_sql_exception: Table 'fortune.products' doesn't exist in D:\silk\ci\cart\cart_Functionality\system\Database\MySQLi\Connection.php:327
Stack trace:
#0 D:\silk\ci\cart\cart_Functionality\system\Database\MySQLi\Connection.php(327): mysqli->query('SELECT *\nFROM `...', 0)
#1 D:\silk\ci\cart\cart_Functionality\system\Database\BaseConnection.php(729): CodeIgniter\Database\MySQLi\Connection->execute('SELECT *\nFROM `...')
#2 D:\silk\ci\cart\cart_Functionality\system\Database\BaseConnection.php(646): CodeIgniter\Database\BaseConnection->simpleQuery('SELECT *\nFROM `...')
#3 D:\silk\ci\cart\cart_Functionality\system\Database\BaseBuilder.php(1649): CodeIgniter\Database\BaseConnection->query('SELECT *\nFROM `...', Array, false)
#4 D:\silk\ci\cart\cart_Functionality\system\Model.php(286): CodeIgniter\Database\BaseBuilder->get()
#5 D:\silk\ci\cart\cart_Functionality\system\BaseModel.php(677): CodeIgniter\Model->doFindAll(0, 0)
#6 D:\silk\ci\cart\cart_Functionality\app\Controllers\Home.php(20): CodeIgniter\BaseModel->findAll()
#7 D:\silk\ci\cart\cart_Functionality\system\CodeIgniter.php(933): App\Controllers\Home->index()
#8 D:\silk\ci\cart\cart_Functionality\system\CodeIgniter.php(507): CodeIgniter\CodeIgniter->runController(Object(App\Controllers\Home))
#9 D:\silk\ci\cart\cart_Functionality\system\CodeIgniter.php(354): CodeIgniter\CodeIgniter->handleRequest(NULL, Object(Config\Cache), false)
#10 D:\silk\ci\cart\cart_Functionality\system\Boot.php(363): CodeIgniter\CodeIgniter->run()
#11 D:\silk\ci\cart\cart_Functionality\system\Boot.php(68): CodeIgniter\Boot::runCodeIgniter(Object(CodeIgniter\CodeIgniter))
#12 D:\silk\ci\cart\cart_Functionality\public\index.php(59): CodeIgniter\Boot::bootWeb(Object(Config\Paths))
#13 D:\silk\ci\cart\cart_Functionality\system\rewrite.php(44): require_once('D:\\silk\\ci\\cart...')
#14 {main}
CRITICAL - 2026-03-25 04:43:46 --> CodeIgniter\Database\Exceptions\DatabaseException: Table 'fortune.products' doesn't exist
[Method: GET, Route: /]
in SYSTEMPATH\Database\BaseConnection.php on line 684.
 1 SYSTEMPATH\Database\BaseBuilder.php(1649): CodeIgniter\Database\BaseConnection->query('SELECT *
FROM `products`', [], false)
 2 SYSTEMPATH\Model.php(286): CodeIgniter\Database\BaseBuilder->get()
 3 SYSTEMPATH\BaseModel.php(677): CodeIgniter\Model->doFindAll(0, 0)
 4 APPPATH\Controllers\Home.php(20): CodeIgniter\BaseModel->findAll()
 5 SYSTEMPATH\CodeIgniter.php(933): App\Controllers\Home->index()
 6 SYSTEMPATH\CodeIgniter.php(507): CodeIgniter\CodeIgniter->runController(Object(App\Controllers\Home))
 7 SYSTEMPATH\CodeIgniter.php(354): CodeIgniter\CodeIgniter->handleRequest(null, Object(Config\Cache), false)
 8 SYSTEMPATH\Boot.php(363): CodeIgniter\CodeIgniter->run()
 9 SYSTEMPATH\Boot.php(68): CodeIgniter\Boot::runCodeIgniter(Object(CodeIgniter\CodeIgniter))
10 FCPATH\index.php(59): CodeIgniter\Boot::bootWeb(Object(Config\Paths))
11 SYSTEMPATH\rewrite.php(44): require_once('D:\\silk\\ci\\cart\\cart_Functionality\\public\\index.php')
CRITICAL - 2026-03-25 04:43:46 --> [Caused by] CodeIgniter\Database\Exceptions\DatabaseException: Table 'fortune.products' doesn't exist
in SYSTEMPATH\Database\MySQLi\Connection.php on line 332.
 1 SYSTEMPATH\Database\BaseConnection.php(729): CodeIgniter\Database\MySQLi\Connection->execute('SELECT *
FROM `products`')
 2 SYSTEMPATH\Database\BaseConnection.php(646): CodeIgniter\Database\BaseConnection->simpleQuery('SELECT *
FROM `products`')
 3 SYSTEMPATH\Database\BaseBuilder.php(1649): CodeIgniter\Database\BaseConnection->query('SELECT *
FROM `products`', [], false)
 4 SYSTEMPATH\Model.php(286): CodeIgniter\Database\BaseBuilder->get()
 5 SYSTEMPATH\BaseModel.php(677): CodeIgniter\Model->doFindAll(0, 0)
 6 APPPATH\Controllers\Home.php(20): CodeIgniter\BaseModel->findAll()
 7 SYSTEMPATH\CodeIgniter.php(933): App\Controllers\Home->index()
 8 SYSTEMPATH\CodeIgniter.php(507): CodeIgniter\CodeIgniter->runController(Object(App\Controllers\Home))
 9 SYSTEMPATH\CodeIgniter.php(354): CodeIgniter\CodeIgniter->handleRequest(null, Object(Config\Cache), false)
10 SYSTEMPATH\Boot.php(363): CodeIgniter\CodeIgniter->run()
11 SYSTEMPATH\Boot.php(68): CodeIgniter\Boot::runCodeIgniter(Object(CodeIgniter\CodeIgniter))
12 FCPATH\index.php(59): CodeIgniter\Boot::bootWeb(Object(Config\Paths))
13 SYSTEMPATH\rewrite.php(44): require_once('D:\\silk\\ci\\cart\\cart_Functionality\\public\\index.php')
CRITICAL - 2026-03-25 04:43:46 --> [Caused by] mysqli_sql_exception: Table 'fortune.products' doesn't exist
in SYSTEMPATH\Database\MySQLi\Connection.php on line 327.
 1 SYSTEMPATH\Database\MySQLi\Connection.php(327): mysqli->query('SELECT *
FROM `products`', 0)
 2 SYSTEMPATH\Database\BaseConnection.php(729): CodeIgniter\Database\MySQLi\Connection->execute('SELECT *
FROM `products`')
 3 SYSTEMPATH\Database\BaseConnection.php(646): CodeIgniter\Database\BaseConnection->simpleQuery('SELECT *
FROM `products`')
 4 SYSTEMPATH\Database\BaseBuilder.php(1649): CodeIgniter\Database\BaseConnection->query('SELECT *
FROM `products`', [], false)
 5 SYSTEMPATH\Model.php(286): CodeIgniter\Database\BaseBuilder->get()
 6 SYSTEMPATH\BaseModel.php(677): CodeIgniter\Model->doFindAll(0, 0)
 7 APPPATH\Controllers\Home.php(20): CodeIgniter\BaseModel->findAll()
 8 SYSTEMPATH\CodeIgniter.php(933): App\Controllers\Home->index()
 9 SYSTEMPATH\CodeIgniter.php(507): CodeIgniter\CodeIgniter->runController(Object(App\Controllers\Home))
10 SYSTEMPATH\CodeIgniter.php(354): CodeIgniter\CodeIgniter->handleRequest(null, Object(Config\Cache), false)
11 SYSTEMPATH\Boot.php(363): CodeIgniter\CodeIgniter->run()
12 SYSTEMPATH\Boot.php(68): CodeIgniter\Boot::runCodeIgniter(Object(CodeIgniter\CodeIgniter))
13 FCPATH\index.php(59): CodeIgniter\Boot::bootWeb(Object(Config\Paths))
14 SYSTEMPATH\rewrite.php(44): require_once('D:\\silk\\ci\\cart\\cart_Functionality\\public\\index.php')
DEBUG - 2026-03-25 04:45:18 --> Session: Class initialized using 'CodeIgniter\Session\Handlers\FileHandler' driver.
DEBUG - 2026-03-25 04:45:25 --> Session: Class initialized using 'CodeIgniter\Session\Handlers\FileHandler' driver.
DEBUG - 2026-03-25 04:45:25 --> Session: Class initialized using 'CodeIgniter\Session\Handlers\FileHandler' driver.
DEBUG - 2026-03-25 04:45:31 --> Session: Class initialized using 'CodeIgniter\Session\Handlers\FileHandler' driver.
DEBUG - 2026-03-25 04:45:31 --> Session: Class initialized using 'CodeIgniter\Session\Handlers\FileHandler' driver.
DEBUG - 2026-03-25 04:45:34 --> Session: Class initialized using 'CodeIgniter\Session\Handlers\FileHandler' driver.
DEBUG - 2026-03-25 04:45:38 --> Session: Class initialized using 'CodeIgniter\Session\Handlers\FileHandler' driver.
DEBUG - 2026-03-25 04:45:39 --> Session: Class initialized using 'CodeIgniter\Session\Handlers\FileHandler' driver.
DEBUG - 2026-03-25 04:51:34 --> Session: Class initialized using 'CodeIgniter\Session\Handlers\FileHandler' driver.
DEBUG - 2026-03-25 04:51:37 --> Session: Class initialized using 'CodeIgniter\Session\Handlers\FileHandler' driver.
DEBUG - 2026-03-25 04:51:37 --> Session: Class initialized using 'CodeIgniter\Session\Handlers\FileHandler' driver.
DEBUG - 2026-03-25 04:51:41 --> Session: Class initialized using 'CodeIgniter\Session\Handlers\FileHandler' driver.
DEBUG - 2026-03-25 04:51:42 --> Session: Class initialized using 'CodeIgniter\Session\Handlers\FileHandler' driver.
DEBUG - 2026-03-25 04:51:45 --> Session: Class initialized using 'CodeIgniter\Session\Handlers\FileHandler' driver.
DEBUG - 2026-03-25 04:51:45 --> Session: Class initialized using 'CodeIgniter\Session\Handlers\FileHandler' driver.
DEBUG - 2026-03-25 04:51:50 --> Session: Class initialized using 'CodeIgniter\Session\Handlers\FileHandler' driver.
DEBUG - 2026-03-25 04:51:53 --> Session: Class initialized using 'CodeIgniter\Session\Handlers\FileHandler' driver.
DEBUG - 2026-03-25 04:51:54 --> Session: Class initialized using 'CodeIgniter\Session\Handlers\FileHandler' driver.
DEBUG - 2026-03-25 04:52:04 --> Session: Class initialized using 'CodeIgniter\Session\Handlers\FileHandler' driver.
DEBUG - 2026-03-25 04:52:08 --> Session: Class initialized using 'CodeIgniter\Session\Handlers\FileHandler' driver.
DEBUG - 2026-03-25 04:52:14 --> Session: Class initialized using 'CodeIgniter\Session\Handlers\FileHandler' driver.
DEBUG - 2026-03-25 04:52:15 --> Session: Class initialized using 'CodeIgniter\Session\Handlers\FileHandler' driver.
DEBUG - 2026-03-25 04:52:32 --> Session: Class initialized using 'CodeIgniter\Session\Handlers\FileHandler' driver.
DEBUG - 2026-03-25 05:05:53 --> Session: Class initialized using 'CodeIgniter\Session\Handlers\FileHandler' driver.
DEBUG - 2026-03-25 05:05:56 --> Session: Class initialized using 'CodeIgniter\Session\Handlers\FileHandler' driver.
DEBUG - 2026-03-25 05:05:56 --> Session: Class initialized using 'CodeIgniter\Session\Handlers\FileHandler' driver.
DEBUG - 2026-03-25 05:06:01 --> Session: Class initialized using 'CodeIgniter\Session\Handlers\FileHandler' driver.
DEBUG - 2026-03-25 05:06:01 --> Session: Class initialized using 'CodeIgniter\Session\Handlers\FileHandler' driver.
DEBUG - 2026-03-25 05:06:06 --> Session: Class initialized using 'CodeIgniter\Session\Handlers\FileHandler' driver.
DEBUG - 2026-03-25 05:06:16 --> Session: Class initialized using 'CodeIgniter\Session\Handlers\FileHandler' driver.
DEBUG - 2026-03-25 05:06:17 --> Session: Class initialized using 'CodeIgniter\Session\Handlers\FileHandler' driver.
DEBUG - 2026-03-25 05:06:24 --> Session: Class initialized using 'CodeIgniter\Session\Handlers\FileHandler' driver.
DEBUG - 2026-03-25 05:06:29 --> Session: Class initialized using 'CodeIgniter\Session\Handlers\FileHandler' driver.
DEBUG - 2026-03-25 05:06:37 --> Session: Class initialized using 'CodeIgniter\Session\Handlers\FileHandler' driver.
DEBUG - 2026-03-25 05:06:37 --> Session: Class initialized using 'CodeIgniter\Session\Handlers\FileHandler' driver.
DEBUG - 2026-03-25 05:06:39 --> Session: Class initialized using 'CodeIgniter\Session\Handlers\FileHandler' driver.
DEBUG - 2026-03-25 05:06:44 --> Session: Class initialized using 'CodeIgniter\Session\Handlers\FileHandler' driver.
DEBUG - 2026-03-25 05:06:48 --> Session: Class initialized using 'CodeIgniter\Session\Handlers\FileHandler' driver.
DEBUG - 2026-03-25 05:06:53 --> Session: Class initialized using 'CodeIgniter\Session\Handlers\FileHandler' driver.
DEBUG - 2026-03-25 05:06:56 --> Session: Class initialized using 'CodeIgniter\Session\Handlers\FileHandler' driver.
DEBUG - 2026-03-25 05:06:58 --> Session: Class initialized using 'CodeIgniter\Session\Handlers\FileHandler' driver.
DEBUG - 2026-03-25 05:08:28 --> Session: Class initialized using 'CodeIgniter\Session\Handlers\FileHandler' driver.
DEBUG - 2026-03-25 05:08:40 --> Session: Class initialized using 'CodeIgniter\Session\Handlers\FileHandler' driver.
DEBUG - 2026-03-25 05:13:04 --> Session: Class initialized using 'CodeIgniter\Session\Handlers\FileHandler' driver.
DEBUG - 2026-03-25 05:13:04 --> Session: Class initialized using 'CodeIgniter\Session\Handlers\FileHandler' driver.
DEBUG - 2026-03-25 05:13:36 --> Session: Class initialized using 'CodeIgniter\Session\Handlers\FileHandler' driver.
DEBUG - 2026-03-25 05:13:58 --> Session: Class initialized using 'CodeIgniter\Session\Handlers\FileHandler' driver.
DEBUG - 2026-03-25 05:13:58 --> Session: Class initialized using 'CodeIgniter\Session\Handlers\FileHandler' driver.
DEBUG - 2026-03-25 05:14:27 --> Session: Class initialized using 'CodeIgniter\Session\Handlers\FileHandler' driver.
DEBUG - 2026-03-25 05:14:33 --> Session: Class initialized using 'CodeIgniter\Session\Handlers\FileHandler' driver.
DEBUG - 2026-03-25 05:14:34 --> Session: Class initialized using 'CodeIgniter\Session\Handlers\FileHandler' driver.
DEBUG - 2026-03-25 05:14:49 --> Session: Class initialized using 'CodeIgniter\Session\Handlers\FileHandler' driver.
DEBUG - 2026-03-25 05:15:29 --> Session: Class initialized using 'CodeIgniter\Session\Handlers\FileHandler' driver.
DEBUG - 2026-03-25 05:15:33 --> Session: Class initialized using 'CodeIgniter\Session\Handlers\FileHandler' driver.
DEBUG - 2026-03-25 05:15:38 --> Session: Class initialized using 'CodeIgniter\Session\Handlers\FileHandler' driver.
DEBUG - 2026-03-25 05:15:38 --> Session: Class initialized using 'CodeIgniter\Session\Handlers\FileHandler' driver.
DEBUG - 2026-03-25 05:17:29 --> Session: Class initialized using 'CodeIgniter\Session\Handlers\FileHandler' driver.
DEBUG - 2026-03-25 05:17:32 --> Session: Class initialized using 'CodeIgniter\Session\Handlers\FileHandler' driver.
DEBUG - 2026-03-25 05:32:44 --> Session: Class initialized using 'CodeIgniter\Session\Handlers\FileHandler' driver.
DEBUG - 2026-03-25 05:32:57 --> Session: Class initialized using 'CodeIgniter\Session\Handlers\FileHandler' driver.
DEBUG - 2026-03-25 05:33:16 --> Session: Class initialized using 'CodeIgniter\Session\Handlers\FileHandler' driver.
DEBUG - 2026-03-25 05:33:29 --> Session: Class initialized using 'CodeIgniter\Session\Handlers\FileHandler' driver.
DEBUG - 2026-03-25 05:33:36 --> Session: Class initialized using 'CodeIgniter\Session\Handlers\FileHandler' driver.
DEBUG - 2026-03-25 05:33:39 --> Session: Class initialized using 'CodeIgniter\Session\Handlers\FileHandler' driver.
DEBUG - 2026-03-25 05:33:42 --> Session: Class initialized using 'CodeIgniter\Session\Handlers\FileHandler' driver.
DEBUG - 2026-03-25 05:33:42 --> Session: Class initialized using 'CodeIgniter\Session\Handlers\FileHandler' driver.
DEBUG - 2026-03-25 05:38:01 --> Session: Class initialized using 'CodeIgniter\Session\Handlers\FileHandler' driver.
